<?xml version="1.0" encoding="UTF-8"?>
<testsuite name="org.fpt.automation.features.search.Test" tests="1" skipped="0" failures="0" errors="0" timestamp="2020-02-27T07:16:41" hostname="LPP00173386B" time="0.003">
  <properties/>
  <testcase name="loginApplication" classname="org.fpt.automation.features.search.Test" time="0.003"/>
  <system-out><![CDATA[Tiáº¿p theo
]]></system-out>
  <system-err><![CDATA[]]></system-err>
</testsuite>
